Received event: user_created
Data: {
  "user_id": 123,
  "username": "johndoe",
  "email": "johndoe@example.com"
}
Received event: user_created
Data: {
  "user_id": 123,
  "username": "johndoe",
  "email": "johndoe@example.com"
}
Received event: user_created
Data: {
  "user_id": 123,
  "username": "johndoe",
  "email": "johndoe@example.com"
}
Received event: user_created
Data: {
  "user_id": 123,
  "username": "johndoe",
  "email": "johndoe@example.com"
}
Received event: user_created
Data: {
  "user_id": 123,
  "username": "johndoe",
  "email": "johndoe@example.com"
}
Received event: user_created
Data: {
  "user_id": 123,
  "username": "Cariie",
  "email": "Babygirl@gmail.com"
}
Received event: user_created
Data: {
  "user_id": 123,
  "username": "Cariie",
  "email": "Babygirl@gmail.com"
}
Received event: user_created
Data: {
  "user_id": 123,
  "username": "Cariie",
  "email": "Babygirl@gmail.com"
}
Received event: user_created
Data: {
  "user_id": 123,
  "username": "Cariie",
  "email": "Babygirl@gmail.com"
}
Received event: user_created
Data: {
  "user_id": 123,
  "username": "Cariie",
  "email": "Babygirl@gmail.com"
}
Received event: user created
Data: {
  "user_id": 123,
  "username": "Cariie",
  "email": "Babygirl@gmail.com"
}
Received event: user created
Data: {
  "user_id": 123,
  "username": "Cariie",
  "email": "Babygirl@gmail.com"
}
Received event: user created
Data: {
  "user_id": 123,
  "username": "Cariie",
  "email": "Babygirl@gmail.com"
}
Received event: user created
Data: {
  "user_id": 123,
  "username": "Cariie",
  "email": "Babygirl@gmail.com"
}
Received event: user created
Data: {
  "user_id": 123,
  "username": "Cariie",
  "email": "Babygirl@gmail.com"
}
Received event: user created
Data: {
  "user_id": 123,
  "username": "Cariie",
  "email": "Babygirl@gmail.com"
}
Received event: user created
Data: {
  "user_id": 123,
  "username": "Cariie",
  "email": "Babygirl@gmail.com"
}
Received event: user created
Data: {
  "user_id": 123,
  "username": "Cariie",
  "email": "Babygirl@gmail.com"
}
Received event: user created
Data: {
  "user_id": 123,
  "username": "Cariie",
  "email": "Babygirl@gmail.com"
}
Received event: user created
Data: {
  "user_id": 123,
  "username": "Cariie",
  "email": "Babygirl@gmail.com"
}
Received event: user created
Data: {
  "user_id": 123,
  "username": "Cariie",
  "email": "Babygirl@gmail.com"
}
Received event: user created
Data: {
  "user_id": 123,
  "username": "Cariie",
  "email": "Babygirl@gmail.com"
}
Received event: user created
Data: {
  "user_id": 123,
  "username": "Cariie",
  "email": "Babygirl@gmail.com"
}
Received event: user created
Data: {
  "user_id": 123,
  "username": "Cariie",
  "email": "Babygirl@gmail.com"
}
Received event: user created
Data: {
  "user_id": 123,
  "username": "Cariie",
  "email": "Babygirl@gmail.com"
}
Received event: user created
Data: {
  "user_id": 123,
  "username": "Cariie",
  "email": "Babygirl@gmail.com"
}
Received event: user created
Data: {
  "user_id": 123,
  "username": "Cariie",
  "email": "Babygirl@gmail.com"
}
Received event: user created
Data: {
  "user_id": 123,
  "username": "Cariie",
  "email": "Babygirl@gmail.com"
}
Received event: user created
Data: {
  "user_id": 123,
  "username": "Cariie",
  "email": "Babygirl@gmail.com"
}
Received event: user created
Data: {
  "user_id": 123,
  "username": "Cariie",
  "email": "Babygirl@gmail.com"
}
Received event: user created
Data: {
  "user_id": 123,
  "username": "Cariie",
  "email": "Babygirl@gmail.com"
}
Received event: user created
Data: {
  "user_id": 123,
  "username": "Cariie",
  "email": "Babygirl@gmail.com"
}
Received event: user created
Data: {
  "user_id": 123,
  "username": "Cariie",
  "email": "Babygirl@gmail.com"
}
Received event: user created
Data: {
  "user_id": 123,
  "username": "Cariie",
  "email": "Babygirl@gmail.com"
}
Received event: user created
Data: {
  "user_id": 123,
  "username": "Cariie",
  "email": "Babygirl@gmail.com"
}
Received event: user created
Data: {
  "user_id": 123,
  "username": "Cariie",
  "email": "Babygirl@gmail.com"
}
Received event: user created
Data: {
  "user_id": 123,
  "username": "Cariie",
  "email": "Babygirl@gmail.com"
}
Received event: user created
Data: {
  "user_id": 123,
  "username": "Cariie",
  "email": "Babygirl@gmail.com"
}
Received event: user created
Data: {
  "user_id": 123,
  "username": "Cariie",
  "email": "Babygirl@gmail.com"
}
Received event: user created
Data: {
  "user_id": 123,
  "username": "Cariie",
  "email": "Babygirl@gmail.com"
}
Received event: user created
Data: {
  "user_id": 123,
  "username": "Cariie",
  "email": "Babygirl@gmail.com"
}
Received event: user created
Data: {
  "user_id": 123,
  "username": "Cariie",
  "email": "Babygirl@gmail.com"
}
Received event: user created
Data: {
  "user_id": 123,
  "username": "Cariie",
  "email": "Babygirl@gmail.com"
}
Received event: user created
Data: {
  "user_id": 123,
  "username": "Cariie",
  "email": "Babygirl@gmail.com"
}
Received event: user created
Data: {
  "user_id": 123,
  "username": "Cariie",
  "email": "Babygirl@gmail.com"
}
Received event: user created
Data: {
  "user_id": 123,
  "username": "Cariie",
  "email": "Babygirl@gmail.com"
}
Received event: user created
Data: {
  "user_id": 123,
  "username": "Cariie",
  "email": "Babygirl@gmail.com"
}
Received event: user created
Data: {
  "user_id": 123,
  "username": "Cariie",
  "email": "Babygirl@gmail.com"
}
Received event: user created
Data: {
  "user_id": 123,
  "username": "Cariie",
  "email": "Babygirl@gmail.com"
}
Received event: user created
Data: {
  "user_id": 123,
  "usernae": "Cariie",
  "email": "Babygirl@gmail.com"
}
Received event: user created
Data: {
  "user_id": 123,
  "usernae": "Cariie",
  "email": "Babygirl@gmail.com"
}
Received event: user created
Data: {
  "user_id": 123,
  "usernmame": "Cariie",
  "email": "Babygirl@gmail.com"
}
Received event: user created
Data: {
  "user_id": 123,
  "usernmame": "Cariie",
  "email": "Babygirl@gmail.com"
}
Received event: user created
Data: {
  "user_id": 123,
  "usernmame": "Cariie",
  "email": "Babygirl@gmail.com"
}
Received event: user created
Data: {
  "user_id": 123,
  "usernmame": "Cariie",
  "email": "Babygirl@gmail.com"
}
Received event: user created
Data: {
  "user_id": 123,
  "usernmame": "Cariie",
  "email": "Babygirl@gmail.com"
}
Received event: user created
Data: {
  "user_id": 123,
  "usernmame": "Cariie",
  "email": "Babygirl@gmail.com"
}
Received event: user created
Data: {
  "user_id": 123,
  "usernmame": "Cariie",
  "email": "Babygirl@gmail.com"
}
Received event: user created
Data: {
  "user_id": 123,
  "usernmame": "Cariie",
  "email": "Babygirl@gmail.com"
}
